<?xml version="1.0" encoding="UTF-8"?>
<!-- Generated by org.testng.reporters.JUnitXMLReporter -->
<testsuite hostname="LM0001767" ignored="0" name="Default test" tests="5" failures="0" timestamp="2022-12-09T19:47:59 IST" time="32.544" errors="0">
  <testcase name="LoginDDT" time="4.474" classname="com.jioMart.testCases.TC_001_Login"/>
  <testcase name="LoginDDT" time="5.845" classname="com.jioMart.testCases.TC_001_Login"/>
  <testcase name="LoginDDT" time="5.774" classname="com.jioMart.testCases.TC_001_Login"/>
  <testcase name="LoginDDT" time="5.796" classname="com.jioMart.testCases.TC_001_Login"/>
  <testcase name="LoginDDT" time="5.793" classname="com.jioMart.testCases.TC_001_Login"/>
</testsuite> <!-- Default test -->
