<?xml version="1.0" encoding="UTF-8"?>
<!-- Generated by org.testng.reporters.JUnitXMLReporter -->
<testsuite hostname="LM0001767" ignored="0" name="Test" tests="1" failures="0" timestamp="2022-09-28T17:59:45 IST" time="0.122" errors="0">
  <testcase name="@BeforeClass setUp" time="0.081" classname="com.jioMart.pageObjects.base">
    <failure type="java.lang.NullPointerException">
      <![CDATA[java.lang.NullPointerException
at java.util.Hashtable.put(Hashtable.java:461)
at java.util.Properties.setProperty(Properties.java:166)
at java.lang.System.setProperty(System.java:796)
at com.jioMart.pageObjects.base.setUp(base.java:42)
at java.util.ArrayList.forEach(ArrayList.java:1259)
... Removed 25 stack frames]]>
    </failure>
  </testcase> <!-- @BeforeClass setUp -->
  <testcase name="@BeforeMethod nameBefore" time="-1.664368180941E9" classname="com.jioMart.pageObjects.base">
    <skipped/>
  </testcase> <!-- @BeforeMethod nameBefore -->
  <testcase name="@AfterClass tearDown" time="-1.664368180946E9" classname="com.jioMart.pageObjects.base">
    <skipped/>
  </testcase> <!-- @AfterClass tearDown -->
  <testcase name="dem" time="0.0" classname="com.jioMart.testCases.demo">
    <skipped/>
  </testcase> <!-- dem -->
</testsuite> <!-- Test -->
