<?xml version="1.0" encoding="UTF-8"?>
<testng-results skipped="0" failed="0" ignored="0" total="5" passed="5">
  <reporter-output>
  </reporter-output>
  <suite name="Default suite" duration-ms="32544" started-at="2022-12-09T19:47:26 IST" finished-at="2022-12-09T19:47:59 IST">
    <groups>
    </groups>
    <test name="Default test" duration-ms="32544" started-at="2022-12-09T19:47:26 IST" finished-at="2022-12-09T19:47:59 IST">
      <class name="com.jioMart.testCases.TC_001_Login">
        <test-method status="PASS" signature="setUp()[pri:0, instance:com.jioMart.testCases.TC_001_Login@2f8f5f62]" name="setUp" is-config="true" duration-ms="3760" started-at="2022-12-09T19:47:26 IST" finished-at="2022-12-09T19:47:30 IST">
          <reporter-output>
          </reporter-output>
        </test-method> <!-- setUp -->
        <test-method status="PASS" signature="nameBefore(java.lang.reflect.Method)[pri:0, instance:com.jioMart.testCases.TC_001_Login@2f8f5f62]" name="nameBefore" is-config="true" duration-ms="0" started-at="2022-12-09T19:47:31 IST" finished-at="2022-12-09T19:47:31 IST">
          <params>
            <param index="0">
              <value>
                <![CDATA[public void com.jioMart.testCases.TC_001_Login.LoginDDT(java.lang.String,java.lang.String) throws java.lang.InterruptedException]]>
              </value>
            </param>
          </params>
          <reporter-output>
          </reporter-output>
        </test-method> <!-- nameBefore -->
        <test-method status="PASS" signature="LoginDDT(java.lang.String,java.lang.String)[pri:0, instance:com.jioMart.testCases.TC_001_Login@2f8f5f62]" name="LoginDDT" duration-ms="4474" started-at="2022-12-09T19:47:31 IST" data-provider="signIn" finished-at="2022-12-09T19:47:35 IST">
          <params>
            <param index="0">
              <value>
                <![CDATA[9820654899]]>
              </value>
            </param>
            <param index="1">
              <value>
                <![CDATA[]]>
              </value>
            </param>
          </params>
          <reporter-output>
          </reporter-output>
        </test-method> <!-- LoginDDT -->
        <test-method status="PASS" signature="nameBefore(java.lang.reflect.Method)[pri:0, instance:com.jioMart.testCases.TC_001_Login@2f8f5f62]" name="nameBefore" is-config="true" duration-ms="1" started-at="2022-12-09T19:47:35 IST" finished-at="2022-12-09T19:47:35 IST">
          <params>
            <param index="0">
              <value>
                <![CDATA[public void com.jioMart.testCases.TC_001_Login.LoginDDT(java.lang.String,java.lang.String) throws java.lang.InterruptedException]]>
              </value>
            </param>
          </params>
          <reporter-output>
          </reporter-output>
        </test-method> <!-- nameBefore -->
        <test-method status="PASS" signature="LoginDDT(java.lang.String,java.lang.String)[pri:0, instance:com.jioMart.testCases.TC_001_Login@2f8f5f62]" name="LoginDDT" duration-ms="5845" started-at="2022-12-09T19:47:35 IST" data-provider="signIn" finished-at="2022-12-09T19:47:41 IST">
          <params>
            <param index="0">
              <value>
                <![CDATA[9820]]>
              </value>
            </param>
            <param index="1">
              <value>
                <![CDATA[]]>
              </value>
            </param>
          </params>
          <reporter-output>
          </reporter-output>
        </test-method> <!-- LoginDDT -->
        <test-method status="PASS" signature="nameBefore(java.lang.reflect.Method)[pri:0, instance:com.jioMart.testCases.TC_001_Login@2f8f5f62]" name="nameBefore" is-config="true" duration-ms="0" started-at="2022-12-09T19:47:41 IST" finished-at="2022-12-09T19:47:41 IST">
          <params>
            <param index="0">
              <value>
                <![CDATA[public void com.jioMart.testCases.TC_001_Login.LoginDDT(java.lang.String,java.lang.String) throws java.lang.InterruptedException]]>
              </value>
            </param>
          </params>
          <reporter-output>
          </reporter-output>
        </test-method> <!-- nameBefore -->
        <test-method status="PASS" signature="LoginDDT(java.lang.String,java.lang.String)[pri:0, instance:com.jioMart.testCases.TC_001_Login@2f8f5f62]" name="LoginDDT" duration-ms="5774" started-at="2022-12-09T19:47:41 IST" data-provider="signIn" finished-at="2022-12-09T19:47:47 IST">
          <params>
            <param index="0">
              <value>
                <![CDATA[]]>
              </value>
            </param>
            <param index="1">
              <value>
                <![CDATA[]]>
              </value>
            </param>
          </params>
          <reporter-output>
          </reporter-output>
        </test-method> <!-- LoginDDT -->
        <test-method status="PASS" signature="LoginDDT(java.lang.String,java.lang.String)[pri:0, instance:com.jioMart.testCases.TC_001_Login@2f8f5f62]" name="LoginDDT" duration-ms="5796" started-at="2022-12-09T19:47:47 IST" data-provider="signIn" finished-at="2022-12-09T19:47:53 IST">
          <params>
            <param index="0">
              <value>
                <![CDATA[0001aaa]]>
              </value>
            </param>
            <param index="1">
              <value>
                <![CDATA[]]>
              </value>
            </param>
          </params>
          <reporter-output>
          </reporter-output>
        </test-method> <!-- LoginDDT -->
        <test-method status="PASS" signature="nameBefore(java.lang.reflect.Method)[pri:0, instance:com.jioMart.testCases.TC_001_Login@2f8f5f62]" name="nameBefore" is-config="true" duration-ms="0" started-at="2022-12-09T19:47:47 IST" finished-at="2022-12-09T19:47:47 IST">
          <params>
            <param index="0">
              <value>
                <![CDATA[public void com.jioMart.testCases.TC_001_Login.LoginDDT(java.lang.String,java.lang.String) throws java.lang.InterruptedException]]>
              </value>
            </param>
          </params>
          <reporter-output>
          </reporter-output>
        </test-method> <!-- nameBefore -->
        <test-method status="PASS" signature="LoginDDT(java.lang.String,java.lang.String)[pri:0, instance:com.jioMart.testCases.TC_001_Login@2f8f5f62]" name="LoginDDT" duration-ms="5793" started-at="2022-12-09T19:47:53 IST" data-provider="signIn" finished-at="2022-12-09T19:47:59 IST">
          <params>
            <param index="0">
              <value>
                <![CDATA[9820654890]]>
              </value>
            </param>
            <param index="1">
              <value>
                <![CDATA[]]>
              </value>
            </param>
          </params>
          <reporter-output>
          </reporter-output>
        </test-method> <!-- LoginDDT -->
        <test-method status="PASS" signature="nameBefore(java.lang.reflect.Method)[pri:0, instance:com.jioMart.testCases.TC_001_Login@2f8f5f62]" name="nameBefore" is-config="true" duration-ms="0" started-at="2022-12-09T19:47:53 IST" finished-at="2022-12-09T19:47:53 IST">
          <params>
            <param index="0">
              <value>
                <![CDATA[public void com.jioMart.testCases.TC_001_Login.LoginDDT(java.lang.String,java.lang.String) throws java.lang.InterruptedException]]>
              </value>
            </param>
          </params>
          <reporter-output>
          </reporter-output>
        </test-method> <!-- nameBefore -->
        <test-method status="PASS" signature="tearDown()[pri:0, instance:com.jioMart.testCases.TC_001_Login@2f8f5f62]" name="tearDown" is-config="true" duration-ms="146" started-at="2022-12-09T19:47:59 IST" finished-at="2022-12-09T19:47:59 IST">
          <reporter-output>
          </reporter-output>
        </test-method> <!-- tearDown -->
      </class> <!-- com.jioMart.testCases.TC_001_Login -->
    </test> <!-- Default test -->
  </suite> <!-- Default suite -->
</testng-results>
